\BOOKMARK [1][-]{section.1}{\376\377\000I\000m\000p\000o\000r\000t\000a\000n\000t\000\040\000L\000i\000n\000k\000s}{}% 1
\BOOKMARK [1][-]{section.2}{\376\377\000W\000e\000l\000c\000o\000m\000e\000\040\000t\000o\000\040\000Y\000o\000u\000r\000\040\000F\000i\000n\000a\000l\000\040\000P\000r\000o\000j\000e\000c\000t}{}% 2
\BOOKMARK [1][-]{section.3}{\376\377\000P\000r\000o\000j\000e\000c\000t\000\040\000O\000v\000e\000r\000v\000i\000e\000w}{}% 3
\BOOKMARK [2][-]{subsection.3.1}{\376\377\000P\000r\000o\000j\000e\000c\000t\000\040\000O\000p\000t\000i\000o\000n}{section.3}% 4
\BOOKMARK [2][-]{subsection.3.2}{\376\377\000P\000r\000o\000j\000e\000c\000t\000\040\000O\000b\000j\000e\000c\000t\000i\000v\000e\000s}{section.3}% 5
\BOOKMARK [2][-]{subsection.3.3}{\376\377\000P\000r\000e\000-\000I\000n\000s\000t\000a\000l\000l\000e\000d\000\040\000A\000n\000a\000l\000y\000s\000i\000s\000\040\000T\000o\000o\000l\000s}{section.3}% 6
\BOOKMARK [1][-]{section.4}{\376\377\000G\000e\000t\000t\000i\000n\000g\000\040\000S\000t\000a\000r\000t\000e\000d}{}% 7
\BOOKMARK [2][-]{subsection.4.1}{\376\377\000S\000t\000e\000p\000\040\0001\000:\000\040\000L\000a\000u\000n\000c\000h\000\040\000Y\000o\000u\000r\000\040\000E\000n\000v\000i\000r\000o\000n\000m\000e\000n\000t}{section.4}% 8
\BOOKMARK [2][-]{subsection.4.2}{\376\377\000S\000t\000e\000p\000\040\0002\000:\000\040\000U\000p\000l\000o\000a\000d\000\040\000Y\000o\000u\000r\000\040\000D\000a\000t\000a}{section.4}% 9
\BOOKMARK [1][-]{section.5}{\376\377\000P\000r\000o\000j\000e\000c\000t\000\040\000W\000o\000r\000k\000f\000l\000o\000w}{}% 10
\BOOKMARK [2][-]{subsection.5.1}{\376\377\000P\000h\000a\000s\000e\000\040\0001\000:\000\040\000D\000a\000t\000a\000\040\000P\000r\000e\000p\000a\000r\000a\000t\000i\000o\000n\000\040\000\046\000\040\000E\000x\000p\000l\000o\000r\000a\000t\000i\000o\000n}{section.5}% 11
\BOOKMARK [2][-]{subsection.5.2}{\376\377\000P\000h\000a\000s\000e\000\040\0002\000:\000\040\000D\000e\000s\000c\000r\000i\000p\000t\000i\000v\000e\000\040\000S\000t\000a\000t\000i\000s\000t\000i\000c\000s}{section.5}% 12
\BOOKMARK [2][-]{subsection.5.3}{\376\377\000P\000h\000a\000s\000e\000\040\0003\000:\000\040\000S\000t\000a\000t\000i\000s\000t\000i\000c\000a\000l\000\040\000T\000e\000s\000t\000i\000n\000g}{section.5}% 13
\BOOKMARK [2][-]{subsection.5.4}{\376\377\000P\000h\000a\000s\000e\000\040\0004\000:\000\040\000A\000d\000v\000a\000n\000c\000e\000d\000\040\000A\000n\000a\000l\000y\000s\000i\000s}{section.5}% 14
\BOOKMARK [2][-]{subsection.5.5}{\376\377\000P\000h\000a\000s\000e\000\040\0005\000:\000\040\000R\000e\000s\000u\000l\000t\000s\000\040\000V\000i\000s\000u\000a\000l\000i\000z\000a\000t\000i\000o\000n}{section.5}% 15
\BOOKMARK [1][-]{section.6}{\376\377\000P\000r\000o\000j\000e\000c\000t\000\040\000D\000e\000l\000i\000v\000e\000r\000a\000b\000l\000e\000s}{}% 16
\BOOKMARK [2][-]{subsection.6.1}{\376\377\000R\000e\000q\000u\000i\000r\000e\000d\000\040\000C\000o\000m\000p\000o\000n\000e\000n\000t\000s}{section.6}% 17
\BOOKMARK [2][-]{subsection.6.2}{\376\377\000S\000u\000b\000m\000i\000s\000s\000i\000o\000n\000\040\000R\000e\000q\000u\000i\000r\000e\000m\000e\000n\000t\000s}{section.6}% 18
\BOOKMARK [1][-]{section.7}{\376\377\000E\000v\000a\000l\000u\000a\000t\000i\000o\000n\000\040\000C\000r\000i\000t\000e\000r\000i\000a}{}% 19
\BOOKMARK [2][-]{subsection.7.1}{\376\377\000G\000r\000a\000d\000i\000n\000g\000\040\000R\000u\000b\000r\000i\000c}{section.7}% 20
\BOOKMARK [1][-]{section.8}{\376\377\000A\000g\000r\000i\000c\000u\000l\000t\000u\000r\000a\000l\000\040\000A\000p\000p\000l\000i\000c\000a\000t\000i\000o\000n\000s}{}% 21
\BOOKMARK [1][-]{section.9}{\376\377\000S\000t\000a\000t\000i\000s\000t\000i\000c\000a\000l\000\040\000M\000e\000t\000h\000o\000d\000s\000\040\000R\000e\000f\000e\000r\000e\000n\000c\000e}{}% 22
\BOOKMARK [2][-]{subsection.9.1}{\376\377\000C\000o\000m\000m\000o\000n\000\040\000A\000g\000r\000i\000c\000u\000l\000t\000u\000r\000a\000l\000\040\000S\000t\000a\000t\000i\000s\000t\000i\000c\000s}{section.9}% 23
\BOOKMARK [1][-]{section.10}{\376\377\000T\000i\000p\000s\000\040\000f\000o\000r\000\040\000S\000u\000c\000c\000e\000s\000s}{}% 24
\BOOKMARK [1][-]{section.11}{\376\377\000C\000o\000m\000m\000o\000n\000\040\000P\000i\000t\000f\000a\000l\000l\000s\000\040\000t\000o\000\040\000A\000v\000o\000i\000d}{}% 25
\BOOKMARK [1][-]{section.12}{\376\377\000T\000r\000o\000u\000b\000l\000e\000s\000h\000o\000o\000t\000i\000n\000g}{}% 26
\BOOKMARK [2][-]{subsection.12.1}{\376\377\000T\000e\000c\000h\000n\000i\000c\000a\000l\000\040\000I\000s\000s\000u\000e\000s}{section.12}% 27
\BOOKMARK [1][-]{section.13}{\376\377\000L\000e\000a\000r\000n\000i\000n\000g\000\040\000O\000b\000j\000e\000c\000t\000i\000v\000e\000s}{}% 28
\BOOKMARK [1][-]{section.14}{\376\377\000N\000e\000e\000d\000\040\000H\000e\000l\000p\000?}{}% 29
