\BOOKMARK [1][-]{section.1}{\376\377\000I\000m\000p\000o\000r\000t\000a\000n\000t\000\040\000L\000i\000n\000k\000s}{}% 1
\BOOKMARK [1][-]{section.2}{\376\377\000W\000e\000l\000c\000o\000m\000e\000\040\000t\000o\000\040\000W\000e\000e\000k\000\040\0007\000:\000\040\000F\000u\000n\000c\000t\000i\000o\000n\000s\000\040\000a\000n\000d\000\040\000T\000-\000T\000e\000s\000t\000s}{}% 2
\BOOKMARK [1][-]{section.3}{\376\377\000W\000r\000i\000t\000i\000n\000g\000\040\000F\000u\000n\000c\000t\000i\000o\000n\000s\000\040\000i\000n\000\040\000R}{}% 3
\BOOKMARK [2][-]{subsection.3.1}{\376\377\000W\000h\000y\000\040\000U\000s\000e\000\040\000F\000u\000n\000c\000t\000i\000o\000n\000s\000?}{section.3}% 4
\BOOKMARK [3][-]{subsubsection.3.1.1}{\376\377\000F\000u\000n\000c\000t\000i\000o\000n\000\040\000S\000y\000n\000t\000a\000x}{subsection.3.1}% 5
\BOOKMARK [2][-]{subsection.3.2}{\376\377\000S\000a\000m\000p\000l\000e\000\040\000S\000i\000z\000e\000\040\000F\000u\000n\000c\000t\000i\000o\000n}{section.3}% 6
\BOOKMARK [3][-]{subsubsection.3.2.1}{\376\377\000S\000a\000m\000p\000l\000e\000\040\000S\000i\000z\000e\000\040\000C\000a\000l\000c\000u\000l\000a\000t\000i\000o\000n\000\040\000F\000u\000n\000c\000t\000i\000o\000n}{subsection.3.2}% 7
\BOOKMARK [1][-]{section.4}{\376\377\000T\000w\000o\000-\000S\000a\000m\000p\000l\000e\000\040\000T\000-\000T\000e\000s\000t\000s}{}% 8
\BOOKMARK [2][-]{subsection.4.1}{\376\377\000W\000h\000e\000n\000\040\000t\000o\000\040\000U\000s\000e\000\040\000T\000w\000o\000-\000S\000a\000m\000p\000l\000e\000\040\000T\000-\000T\000e\000s\000t\000s}{section.4}% 9
\BOOKMARK [3][-]{subsubsection.4.1.1}{\376\377\000W\000e\000l\000c\000h\000'\000s\000\040\000T\000-\000T\000e\000s\000t\000\040\000F\000o\000r\000m\000u\000l\000a}{subsection.4.1}% 10
\BOOKMARK [2][-]{subsection.4.2}{\376\377\000H\000y\000p\000o\000t\000h\000e\000s\000i\000s\000\040\000F\000o\000r\000m\000a\000t\000i\000o\000n}{section.4}% 11
\BOOKMARK [3][-]{subsubsection.4.2.1}{\376\377\000H\000y\000p\000o\000t\000h\000e\000s\000i\000s\000\040\000T\000y\000p\000e\000s}{subsection.4.2}% 12
\BOOKMARK [1][-]{section.5}{\376\377\000I\000n\000t\000e\000r\000p\000r\000e\000t\000i\000n\000g\000\040\000T\000-\000T\000e\000s\000t\000\040\000R\000e\000s\000u\000l\000t\000s}{}% 13
\BOOKMARK [2][-]{subsection.5.1}{\376\377\000U\000n\000d\000e\000r\000s\000t\000a\000n\000d\000i\000n\000g\000\040\000T\000-\000T\000e\000s\000t\000\040\000O\000u\000t\000p\000u\000t}{section.5}% 14
\BOOKMARK [3][-]{subsubsection.5.1.1}{\376\377\000K\000e\000y\000\040\000O\000u\000t\000p\000u\000t\000\040\000C\000o\000m\000p\000o\000n\000e\000n\000t\000s}{subsection.5.1}% 15
\BOOKMARK [2][-]{subsection.5.2}{\376\377\000O\000n\000e\000-\000S\000i\000d\000e\000d\000\040\000v\000s\000\040\000T\000w\000o\000-\000S\000i\000d\000e\000d\000\040\000T\000e\000s\000t\000s}{section.5}% 16
\BOOKMARK [3][-]{subsubsection.5.2.1}{\376\377\000T\000e\000s\000t\000\040\000S\000e\000l\000e\000c\000t\000i\000o\000n\000\040\000G\000u\000i\000d\000e\000l\000i\000n\000e\000s}{subsection.5.2}% 17
\BOOKMARK [1][-]{section.6}{\376\377\000A\000s\000s\000i\000g\000n\000m\000e\000n\000t\000\040\0007\000\040\000O\000v\000e\000r\000v\000i\000e\000w}{}% 18
\BOOKMARK [2][-]{subsection.6.1}{\376\377\000A\000s\000s\000i\000g\000n\000m\000e\000n\000t\000\040\000S\000t\000r\000u\000c\000t\000u\000r\000e\000\040\000\050\0002\0000\000\040\000p\000o\000i\000n\000t\000s\000\040\000t\000o\000t\000a\000l\000\051}{section.6}% 19
\BOOKMARK [1][-]{section.7}{\376\377\000A\000g\000r\000i\000c\000u\000l\000t\000u\000r\000a\000l\000\040\000A\000p\000p\000l\000i\000c\000a\000t\000i\000o\000n\000s}{}% 20
\BOOKMARK [1][-]{section.8}{\376\377\000K\000e\000y\000\040\000C\000o\000n\000c\000e\000p\000t\000s\000\040\000S\000u\000m\000m\000a\000r\000y}{}% 21
\BOOKMARK [2][-]{subsection.8.1}{\376\377\000F\000u\000n\000c\000t\000i\000o\000n\000\040\000D\000e\000v\000e\000l\000o\000p\000m\000e\000n\000t}{section.8}% 22
\BOOKMARK [2][-]{subsection.8.2}{\376\377\000S\000t\000a\000t\000i\000s\000t\000i\000c\000a\000l\000\040\000T\000e\000s\000t\000i\000n\000g\000\040\000F\000u\000n\000d\000a\000m\000e\000n\000t\000a\000l\000s}{section.8}% 23
\BOOKMARK [1][-]{section.9}{\376\377\000D\000a\000t\000a\000\040\000A\000n\000a\000l\000y\000s\000i\000s\000\040\000W\000o\000r\000k\000f\000l\000o\000w}{}% 24
\BOOKMARK [2][-]{subsection.9.1}{\376\377\000S\000t\000e\000p\000-\000b\000y\000-\000S\000t\000e\000p\000\040\000A\000n\000a\000l\000y\000s\000i\000s}{section.9}% 25
\BOOKMARK [1][-]{section.10}{\376\377\000G\000e\000t\000t\000i\000n\000g\000\040\000S\000t\000a\000r\000t\000e\000d}{}% 26
\BOOKMARK [1][-]{section.11}{\376\377\000L\000e\000a\000r\000n\000i\000n\000g\000\040\000O\000b\000j\000e\000c\000t\000i\000v\000e\000s}{}% 27
\BOOKMARK [1][-]{section.12}{\376\377\000T\000i\000p\000s\000\040\000f\000o\000r\000\040\000S\000u\000c\000c\000e\000s\000s}{}% 28
\BOOKMARK [1][-]{section.13}{\376\377\000C\000o\000m\000m\000o\000n\000\040\000M\000i\000s\000t\000a\000k\000e\000s\000\040\000t\000o\000\040\000A\000v\000o\000i\000d}{}% 29
\BOOKMARK [1][-]{section.14}{\376\377\000N\000e\000e\000d\000\040\000H\000e\000l\000p\000?}{}% 30
