\BOOKMARK [1][-]{section.1}{\376\377\000I\000m\000p\000o\000r\000t\000a\000n\000t\000\040\000L\000i\000n\000k\000s}{}% 1
\BOOKMARK [1][-]{section.2}{\376\377\000W\000e\000l\000c\000o\000m\000e\000\040\000t\000o\000\040\000W\000e\000e\000k\000\040\0002\000:\000\040\000D\000e\000s\000c\000r\000i\000p\000t\000i\000v\000e\000\040\000S\000t\000a\000t\000i\000s\000t\000i\000c\000s}{}% 2
\BOOKMARK [1][-]{section.3}{\376\377\000K\000e\000y\000\040\000S\000t\000a\000t\000i\000s\000t\000i\000c\000a\000l\000\040\000C\000o\000n\000c\000e\000p\000t\000s}{}% 3
\BOOKMARK [2][-]{subsection.3.1}{\376\377\000M\000e\000a\000s\000u\000r\000e\000s\000\040\000o\000f\000\040\000C\000e\000n\000t\000r\000a\000l\000\040\000T\000e\000n\000d\000e\000n\000c\000y}{section.3}% 4
\BOOKMARK [3][-]{subsubsection.3.1.1}{\376\377\000M\000e\000a\000n\000\040\000\050\000\040\000o\000r\000\040\000\051}{subsection.3.1}% 5
\BOOKMARK [3][-]{subsubsection.3.1.2}{\376\377\000M\000e\000d\000i\000a\000n}{subsection.3.1}% 6
\BOOKMARK [3][-]{subsubsection.3.1.3}{\376\377\000M\000o\000d\000e}{subsection.3.1}% 7
\BOOKMARK [2][-]{subsection.3.2}{\376\377\000M\000e\000a\000s\000u\000r\000e\000s\000\040\000o\000f\000\040\000V\000a\000r\000i\000a\000b\000i\000l\000i\000t\000y}{section.3}% 8
\BOOKMARK [3][-]{subsubsection.3.2.1}{\376\377\000V\000a\000r\000i\000a\000n\000c\000e\000\040\000\050\0002\000\051}{subsection.3.2}% 9
\BOOKMARK [3][-]{subsubsection.3.2.2}{\376\377\000S\000t\000a\000n\000d\000a\000r\000d\000\040\000D\000e\000v\000i\000a\000t\000i\000o\000n\000\040\000\050\000\051}{subsection.3.2}% 10
\BOOKMARK [3][-]{subsubsection.3.2.3}{\376\377\000C\000o\000e\000f\000f\000i\000c\000i\000e\000n\000t\000\040\000o\000f\000\040\000V\000a\000r\000i\000a\000t\000i\000o\000n\000\040\000\050\000C\000V\000\051}{subsection.3.2}% 11
\BOOKMARK [1][-]{section.4}{\376\377\000K\000e\000y\000\040\000R\000\040\000F\000u\000n\000c\000t\000i\000o\000n\000s\000\040\000T\000h\000i\000s\000\040\000W\000e\000e\000k}{}% 12
\BOOKMARK [2][-]{subsection.4.1}{\376\377\000S\000u\000m\000m\000a\000r\000y\000\040\000S\000t\000a\000t\000i\000s\000t\000i\000c\000s}{section.4}% 13
\BOOKMARK [2][-]{subsection.4.2}{\376\377\000D\000a\000t\000a\000\040\000E\000x\000p\000l\000o\000r\000a\000t\000i\000o\000n}{section.4}% 14
\BOOKMARK [2][-]{subsection.4.3}{\376\377\000C\000u\000s\000t\000o\000m\000\040\000M\000o\000d\000e\000\040\000F\000u\000n\000c\000t\000i\000o\000n}{section.4}% 15
\BOOKMARK [1][-]{section.5}{\376\377\000A\000s\000s\000i\000g\000n\000m\000e\000n\000t\000\040\0002\000:\000\040\000C\000e\000n\000t\000r\000a\000l\000\040\000T\000e\000n\000d\000e\000n\000c\000y\000\040\000A\000n\000a\000l\000y\000s\000i\000s}{}% 16
\BOOKMARK [2][-]{subsection.5.1}{\376\377\000A\000s\000s\000i\000g\000n\000m\000e\000n\000t\000\040\000O\000v\000e\000r\000v\000i\000e\000w\000\040\000\050\0002\0000\000\040\000p\000o\000i\000n\000t\000s\000\040\000t\000o\000t\000a\000l\000\051}{section.5}% 17
\BOOKMARK [1][-]{section.6}{\376\377\000W\000h\000y\000\040\000T\000h\000i\000s\000\040\000M\000a\000t\000t\000e\000r\000s\000\040\000i\000n\000\040\000A\000g\000r\000i\000c\000u\000l\000t\000u\000r\000e}{}% 18
\BOOKMARK [1][-]{section.7}{\376\377\000G\000e\000t\000t\000i\000n\000g\000\040\000S\000t\000a\000r\000t\000e\000d}{}% 19
\BOOKMARK [1][-]{section.8}{\376\377\000L\000e\000a\000r\000n\000i\000n\000g\000\040\000O\000b\000j\000e\000c\000t\000i\000v\000e\000s}{}% 20
\BOOKMARK [1][-]{section.9}{\376\377\000N\000e\000e\000d\000\040\000H\000e\000l\000p\000?}{}% 21
